<?xml version="1.0" encoding="UTF-8"?>
<!-- Generated by org.testng.reporters.JUnitReportReporter -->
<testsuite hostname="Naveen" failures="0" tests="2" name="FrameWork.tests.Ekta" time="0.009" errors="0" timestamp="2024-01-11T00:41:46 IST" skipped="0">
  <testcase classname="FrameWork.tests.Ekta" name="jfkjslf" time="0.007"/>
  <system-out/>
  <testcase classname="FrameWork.tests.Ekta" name="methodName" time="0.002"/>
  <system-out/>
</testsuite> <!-- FrameWork.tests.Ekta -->
