<?xml version="1.0" encoding="UTF-8"?>
<!-- Generated by org.testng.reporters.JUnitReportReporter -->
<testsuite hostname="Pun-145" failures="0" tests="1" name="FrameWork.tests.ErrorValidation" time="7.839" errors="0" timestamp="2024-01-10T20:58:33 IST" skipped="0">
  <testcase classname="FrameWork.tests.ErrorValidation" name="loginError" time="7.839"/>
  <system-out/>
</testsuite> <!-- FrameWork.tests.ErrorValidation -->
