<?xml version="1.0" encoding="UTF-8"?>
<!-- Generated by org.testng.reporters.JUnitReportReporter -->
<testsuite hostname="Pun-145" failures="0" tests="1" name="FrameWork.TestNG1.StandAloneTest" time="11.280" errors="0" timestamp="2024-01-05T13:07:37 IST" skipped="0">
  <testcase classname="FrameWork.TestNG1.StandAloneTest" name="alone" time="11.280"/>
  <system-out/>
</testsuite> <!-- FrameWork.TestNG1.StandAloneTest -->
