<?xml version="1.0" encoding="UTF-8"?>
<!-- Generated by org.testng.reporters.JUnitReportReporter -->
<testsuite hostname="Naveen" failures="0" tests="1" name="FrameWork.TestNG1.StandAloneTest" time="10.711" errors="0" timestamp="2024-01-01T16:20:01 IST" skipped="0">
  <testcase classname="FrameWork.TestNG1.StandAloneTest" name="alone" time="10.711"/>
  <system-out/>
</testsuite> <!-- FrameWork.TestNG1.StandAloneTest -->
