<?xml version="1.0" encoding="UTF-8"?>
<!-- Generated by org.testng.reporters.JUnitReportReporter -->
<testsuite hostname="Naveen" failures="0" tests="3" name="FrameWork.tests.StandAloneTest" time="24.721" errors="0" timestamp="2024-01-10T23:51:02 IST" skipped="0">
  <testcase classname="FrameWork.tests.StandAloneTest" name="alone" time="7.439"/>
  <system-out/>
  <testcase classname="FrameWork.tests.StandAloneTest" name="alone" time="6.885"/>
  <system-out/>
  <testcase classname="FrameWork.tests.StandAloneTest" name="alone" time="10.397"/>
  <system-out/>
</testsuite> <!-- FrameWork.tests.StandAloneTest -->
