<?xml version="1.0" encoding="UTF-8"?>
<!-- Generated by org.testng.reporters.JUnitReportReporter -->
<testsuite hostname="Naveen" failures="0" tests="1" name="FrameWork.TestNG1.JavaStreams" time="0.014" errors="0" timestamp="2023-12-23T08:32:19 IST" skipped="0">
  <testcase classname="FrameWork.TestNG1.JavaStreams" name="method1" time="0.014"/>
  <system-out/>
</testsuite> <!-- FrameWork.TestNG1.JavaStreams -->
