<?xml version="1.0" encoding="UTF-8"?>
<!-- Generated by org.testng.reporters.JUnitReportReporter -->
<testsuite hostname="Pun-145" failures="0" tests="1" name="FrameWork.tests.ErrorValidation" time="5.951" errors="0" timestamp="2024-01-09T17:44:05 IST" skipped="0">
  <testcase classname="FrameWork.tests.ErrorValidation" name="loginError" time="5.951"/>
  <system-out/>
</testsuite> <!-- FrameWork.tests.ErrorValidation -->
