<?xml version="1.0" encoding="UTF-8"?>
<!-- Generated by org.testng.reporters.JUnitReportReporter -->
<testsuite hostname="Pun-145" failures="0" tests="2" name="FrameWork.tests.StandAloneTest" time="16.720" errors="0" timestamp="2024-01-09T12:29:22 IST" skipped="0">
  <testcase classname="FrameWork.tests.StandAloneTest" name="orderValidation" time="6.614"/>
  <system-out/>
  <testcase classname="FrameWork.tests.StandAloneTest" name="alone" time="10.106"/>
  <system-out/>
</testsuite> <!-- FrameWork.tests.StandAloneTest -->
