<?xml version="1.0" encoding="UTF-8"?>
<!-- Generated by org.testng.reporters.JUnitReportReporter -->
<testsuite hostname="Naveen" failures="0" tests="4" name="FrameWork.tests.StandAloneTest" time="26.725" errors="0" timestamp="2024-01-15T01:02:43 IST" skipped="0">
  <testcase classname="FrameWork.tests.StandAloneTest" name="alone" time="6.831"/>
  <system-out/>
  <testcase classname="FrameWork.tests.StandAloneTest" name="alone" time="7.618"/>
  <system-out/>
  <testcase classname="FrameWork.tests.StandAloneTest" name="orderValidation" time="5.682"/>
  <system-out/>
  <testcase classname="FrameWork.tests.StandAloneTest" name="alone" time="6.594"/>
  <system-out/>
</testsuite> <!-- FrameWork.tests.StandAloneTest -->
