<?xml version="1.0" encoding="UTF-8"?>
<!-- Generated by org.testng.reporters.JUnitReportReporter -->
<testsuite hostname="Pun-145" failures="0" tests="1" name="FrameWork.tests.StandAloneTest" time="11.298" errors="0" timestamp="2024-01-08T13:48:54 IST" skipped="0">
  <testcase classname="FrameWork.tests.StandAloneTest" name="alone" time="11.298"/>
  <system-out/>
</testsuite> <!-- FrameWork.tests.StandAloneTest -->
